<?xml version="1.0" encoding="UTF-8"?>
<!-- Generated by org.testng.reporters.JUnitReportReporter -->
<testsuite skipped="0" hostname="dosysnet042" name="com.dreamorbit.faviana_b2cuk.wishlist.TC03_VerifyingTheAdditionOfProductToWishlist" tests="1" failures="0" timestamp="26 Dec 2018 07:50:59 GMT" time="40.693" errors="0">
  <testcase name="verifyingTheAdditionOfProductToWIshlist" time="40.693" classname="com.dreamorbit.faviana_b2cuk.wishlist.TC03_VerifyingTheAdditionOfProductToWishlist"/>
</testsuite> <!-- com.dreamorbit.faviana_b2cuk.wishlist.TC03_VerifyingTheAdditionOfProductToWishlist -->
