<?xml version="1.0" encoding="UTF-8"?>
<!-- Generated by org.testng.reporters.JUnitReportReporter -->
<testsuite skipped="0" hostname="dosysnet042" name="com.dreamorbit.faviana_b2cuk.productmanagement.TC02_01_VerifyTheSubCategoriesPresentUnderPromDressesByColor" tests="1" failures="0" timestamp="11 Feb 2019 10:12:53 GMT" time="96.103" errors="0">
  <testcase name="verifyTheSubCategoriesPresentUnderPromDressesByColor" time="96.103" classname="com.dreamorbit.faviana_b2cuk.productmanagement.TC02_01_VerifyTheSubCategoriesPresentUnderPromDressesByColor"/>
</testsuite> <!-- com.dreamorbit.faviana_b2cuk.productmanagement.TC02_01_VerifyTheSubCategoriesPresentUnderPromDressesByColor -->
