<?xml version="1.0" encoding="UTF-8"?>
<!-- Generated by org.testng.reporters.JUnitReportReporter -->
<testsuite skipped="0" hostname="dosysnet042" name="com.dreamorbit.faviana_b2cuk.wishlist.TC01_VerifyWishlistForGuest" tests="1" failures="0" timestamp="24 Dec 2018 10:02:06 GMT" time="7.062" errors="0">
  <testcase name="verifyWishlistForGuest" time="7.062" classname="com.dreamorbit.faviana_b2cuk.wishlist.TC01_VerifyWishlistForGuest"/>
</testsuite> <!-- com.dreamorbit.faviana_b2cuk.wishlist.TC01_VerifyWishlistForGuest -->
