<?xml version="1.0" encoding="UTF-8"?>
<!-- Generated by org.testng.reporters.JUnitReportReporter -->
<testsuite skipped="0" hostname="dosysnet042" name="com.dreamorbit.faviana_b2cuk.customermanagement.TC01_VerifyNewCustomerRegistration" tests="1" failures="0" timestamp="18 Feb 2019 09:54:21 GMT" time="19.350" errors="0">
  <testcase name="verifyNewCustomerRegistration" time="19.350" classname="com.dreamorbit.faviana_b2cuk.customermanagement.TC01_VerifyNewCustomerRegistration"/>
</testsuite> <!-- com.dreamorbit.faviana_b2cuk.customermanagement.TC01_VerifyNewCustomerRegistration -->
