<?xml version="1.0" encoding="UTF-8"?>
<!-- Generated by org.testng.reporters.JUnitReportReporter -->
<testsuite skipped="0" hostname="dosysnet042" name="com.dreamorbit.faviana_b2cuk.customermanagement.TC01_VerifyNewCustomerRegistration" tests="1" failures="0" timestamp="24 Dec 2018 08:22:30 GMT" time="14.568" errors="0">
  <testcase name="verifyNewCustomerRegistration" time="14.568" classname="com.dreamorbit.faviana_b2cuk.customermanagement.TC01_VerifyNewCustomerRegistration"/>
</testsuite> <!-- com.dreamorbit.faviana_b2cuk.customermanagement.TC01_VerifyNewCustomerRegistration -->
