<?xml version="1.0" encoding="UTF-8"?>
<!-- Generated by org.testng.reporters.JUnitReportReporter -->
<testsuite skipped="0" hostname="dosysnet042" name="com.dreamorbit.faviana_b2cuk.customermanagement.TC04_VerifyRetailerLogin" tests="1" failures="0" timestamp="24 Dec 2018 08:24:44 GMT" time="8.886" errors="0">
  <testcase name="verifyRetailerLogin" time="8.886" classname="com.dreamorbit.faviana_b2cuk.customermanagement.TC04_VerifyRetailerLogin"/>
</testsuite> <!-- com.dreamorbit.faviana_b2cuk.customermanagement.TC04_VerifyRetailerLogin -->
