<?xml version="1.0" encoding="UTF-8"?>
<!-- Generated by org.testng.reporters.JUnitReportReporter -->
<testsuite skipped="0" hostname="Bharath-Bhat" name="com.dreamorbit.faviana_b2cuk.testcases.LoginPageTest" tests="2" failures="0" timestamp="28 Sep 2018 16:21:17 GMT" time="51.678" errors="0">
  <testcase name="verifyAppicationLaunch" time="22.765" classname="com.dreamorbit.faviana_b2cuk.testcases.LoginPageTest"/>
  <testcase name="loginToTheApplication" time="28.913" classname="com.dreamorbit.faviana_b2cuk.testcases.LoginPageTest"/>
</testsuite> <!-- com.dreamorbit.faviana_b2cuk.testcases.LoginPageTest -->
