<?xml version="1.0" encoding="UTF-8"?>
<!-- Generated by org.testng.reporters.JUnitReportReporter -->
<testsuite skipped="0" hostname="dosysnet042" name="com.dreamorbit.faviana_b2cuk.testcases.LandingPageTest" tests="1" failures="0" timestamp="28 Sep 2018 07:36:36 GMT" time="868.015" errors="0">
  <testcase name="verifyBrokenLinks" time="868.015" classname="com.dreamorbit.faviana_b2cuk.testcases.LandingPageTest"/>
</testsuite> <!-- com.dreamorbit.faviana_b2cuk.testcases.LandingPageTest -->
