<?xml version="1.0" encoding="UTF-8"?>
<!-- Generated by org.testng.reporters.JUnitReportReporter -->
<testsuite skipped="0" hostname="dosysnet042" name="com.dreamorbit.faviana_b2cuk.wishlist.TC02_VerifyWishlistForExistingUsers" tests="1" failures="0" timestamp="26 Dec 2018 07:41:04 GMT" time="13.288" errors="0">
  <testcase name="verifyWishlistForExistingUsers" time="13.288" classname="com.dreamorbit.faviana_b2cuk.wishlist.TC02_VerifyWishlistForExistingUsers"/>
</testsuite> <!-- com.dreamorbit.faviana_b2cuk.wishlist.TC02_VerifyWishlistForExistingUsers -->
