<?xml version="1.0" encoding="UTF-8"?>
<!-- Generated by org.testng.reporters.JUnitReportReporter -->
<testsuite skipped="0" hostname="dosysnet042" name="com.dreamorbit.faviana_b2cuk.productmanagement.TC03_VerifyProductsDisplayInProductListPage" tests="1" failures="0" timestamp="11 Feb 2019 09:58:31 GMT" time="14.914" errors="0">
  <testcase name="verifyProductsDisplayInProductListPage" time="14.914" classname="com.dreamorbit.faviana_b2cuk.productmanagement.TC03_VerifyProductsDisplayInProductListPage"/>
</testsuite> <!-- com.dreamorbit.faviana_b2cuk.productmanagement.TC03_VerifyProductsDisplayInProductListPage -->
