<?xml version="1.0" encoding="UTF-8"?>
<!-- Generated by org.testng.reporters.JUnitReportReporter -->
<testsuite skipped="0" hostname="dosysnet042" name="com.dreamorbit.faviana_b2cuk.productmanagement.TC01_VerifyTheMainHeadersPresentInUKSite" tests="1" failures="0" timestamp="18 Feb 2019 09:45:39 GMT" time="33.703" errors="0">
  <testcase name="verifyTheMainHeadersPresentInUKSite" time="33.703" classname="com.dreamorbit.faviana_b2cuk.productmanagement.TC01_VerifyTheMainHeadersPresentInUKSite"/>
</testsuite> <!-- com.dreamorbit.faviana_b2cuk.productmanagement.TC01_VerifyTheMainHeadersPresentInUKSite -->
