<?xml version="1.0" encoding="UTF-8"?>
<!-- Generated by org.testng.reporters.JUnitReportReporter -->
<testsuite skipped="0" hostname="dosysnet042" name="com.dreamorbit.faviana_b2cuk.endtoendflow.TC02_VerifySuccessfulOrderForACustomer" tests="1" failures="0" timestamp="03 Jan 2019 11:11:38 GMT" time="235.437" errors="0">
  <testcase name="verifySuccessfulOrderForACustomer" time="235.437" classname="com.dreamorbit.faviana_b2cuk.endtoendflow.TC02_VerifySuccessfulOrderForACustomer"/>
</testsuite> <!-- com.dreamorbit.faviana_b2cuk.endtoendflow.TC02_VerifySuccessfulOrderForACustomer -->
