<?xml version="1.0" encoding="UTF-8"?>
<!-- Generated by org.testng.reporters.JUnitReportReporter -->
<testsuite skipped="0" hostname="dosysnet042" name="com.dreamorbit.faviana_b2cuk.testbase.TestBase" tests="1" failures="0" timestamp="28 Sep 2018 06:29:14 GMT" time="5.530" errors="0">
  <testcase name="initializeBrowser" time="5.530" classname="com.dreamorbit.faviana_b2cuk.testbase.TestBase"/>
</testsuite> <!-- com.dreamorbit.faviana_b2cuk.testbase.TestBase -->
