<?xml version="1.0" encoding="UTF-8"?>
<!-- Generated by org.testng.reporters.JUnitReportReporter -->
<testsuite skipped="0" hostname="dosysnet042" name="com.dreamorbit.faviana_b2cuk.search.TC01_VerifySuccessfulSearch" tests="1" failures="0" timestamp="24 Dec 2018 09:59:00 GMT" time="9.029" errors="0">
  <testcase name="verifySuccessfulSearch" time="9.029" classname="com.dreamorbit.faviana_b2cuk.search.TC01_VerifySuccessfulSearch"/>
</testsuite> <!-- com.dreamorbit.faviana_b2cuk.search.TC01_VerifySuccessfulSearch -->
