<?xml version="1.0" encoding="UTF-8"?>
<!-- Generated by org.testng.reporters.JUnitReportReporter -->
<testsuite skipped="0" hostname="dosysnet042" name="com.dreamorbit.faviana_b2cuk.test.TestClass" tests="1" failures="0" timestamp="12 Oct 2018 09:51:23 GMT" time="100.206" errors="0">
  <testcase name="test" time="100.206" classname="com.dreamorbit.faviana_b2cuk.test.TestClass"/>
</testsuite> <!-- com.dreamorbit.faviana_b2cuk.test.TestClass -->
