<?xml version="1.0" encoding="UTF-8"?>
<!-- Generated by org.testng.reporters.JUnitReportReporter -->
<testsuite skipped="0" hostname="dosysnet042" name="com.dreamorbit.faviana_b2cuk.search.TC02_VerifyUnsuccessfulSearch" tests="1" failures="0" timestamp="24 Dec 2018 10:01:26 GMT" time="6.795" errors="0">
  <testcase name="verifyUnsuccessfulSearch" time="6.795" classname="com.dreamorbit.faviana_b2cuk.search.TC02_VerifyUnsuccessfulSearch"/>
</testsuite> <!-- com.dreamorbit.faviana_b2cuk.search.TC02_VerifyUnsuccessfulSearch -->
