<?xml version="1.0" encoding="UTF-8"?>
<!-- Generated by org.testng.reporters.JUnitReportReporter -->
<testsuite skipped="0" hostname="dosysnet042" name="com.dreamorbit.faviana_b2cuk.shoppingbag.TC01_VerifyAddToShoppingBagForGuest" tests="1" failures="0" timestamp="26 Dec 2018 07:17:29 GMT" time="32.954" errors="0">
  <testcase name="verifyAddToShoppingBagForGuest" time="32.954" classname="com.dreamorbit.faviana_b2cuk.shoppingbag.TC01_VerifyAddToShoppingBagForGuest"/>
</testsuite> <!-- com.dreamorbit.faviana_b2cuk.shoppingbag.TC01_VerifyAddToShoppingBagForGuest -->
