<?xml version="1.0" encoding="UTF-8"?>
<!-- Generated by org.testng.reporters.JUnitReportReporter -->
<testsuite skipped="0" hostname="dosysnet042" name="com.dreamorbit.faviana_b2cuk.customermanagement.TC02_VerifyConnectUsingSocialMedia" tests="1" failures="0" timestamp="24 Dec 2018 08:24:13 GMT" time="7.548" errors="0">
  <testcase name="verifyConnectUsingSocialMedia" time="7.548" classname="com.dreamorbit.faviana_b2cuk.customermanagement.TC02_VerifyConnectUsingSocialMedia"/>
</testsuite> <!-- com.dreamorbit.faviana_b2cuk.customermanagement.TC02_VerifyConnectUsingSocialMedia -->
