<?xml version="1.0" encoding="UTF-8"?>
<!-- Generated by org.testng.reporters.JUnitReportReporter -->
<testsuite skipped="0" hostname="dosysnet042" name="com.dreamorbit.faviana_b2cuk.productmanagement.TC00_VerifyLinksInLandingPage" tests="1" failures="0" timestamp="24 Dec 2018 09:56:34 GMT" time="616.110" errors="0">
  <testcase name="verifyBrokenLinks" time="616.110" classname="com.dreamorbit.faviana_b2cuk.productmanagement.TC00_VerifyLinksInLandingPage"/>
</testsuite> <!-- com.dreamorbit.faviana_b2cuk.productmanagement.TC00_VerifyLinksInLandingPage -->
