<?xml version="1.0" encoding="UTF-8"?>
<!-- Generated by org.testng.reporters.JUnitReportReporter -->
<testsuite skipped="0" hostname="dosysnet042" name="com.dreamorbit.faviana_b2cuk.productmanagement.TC01_VerifyTheMainHeadersPresentInUKSite" tests="1" failures="0" timestamp="11 Feb 2019 08:10:02 GMT" time="35.875" errors="0">
  <testcase name="verifyTheMainHeadersPresentInUKSite" time="35.875" classname="com.dreamorbit.faviana_b2cuk.productmanagement.TC01_VerifyTheMainHeadersPresentInUKSite"/>
</testsuite> <!-- com.dreamorbit.faviana_b2cuk.productmanagement.TC01_VerifyTheMainHeadersPresentInUKSite -->
