<?xml version="1.0" encoding="UTF-8"?>
<!-- Generated by org.testng.reporters.JUnitReportReporter -->
<testsuite skipped="0" hostname="dosysnet042" name="com.dreamorbit.faviana_b2cuk.shoppingbag.TC02_VerifyAddToShoppingBagForCustomers" tests="1" failures="0" timestamp="26 Dec 2018 07:31:17 GMT" time="39.249" errors="0">
  <testcase name="verifyAddToShoppingBagForCustomers" time="39.249" classname="com.dreamorbit.faviana_b2cuk.shoppingbag.TC02_VerifyAddToShoppingBagForCustomers"/>
</testsuite> <!-- com.dreamorbit.faviana_b2cuk.shoppingbag.TC02_VerifyAddToShoppingBagForCustomers -->
