<?xml version="1.0" encoding="UTF-8"?>
<!-- Generated by org.testng.reporters.JUnitReportReporter -->
<testsuite skipped="0" hostname="dosysnet042" name="com.dreamorbit.faviana_b2cuk.customermanagement.TC02_VerifyConnectUsingSocialMedia" tests="1" failures="0" timestamp="18 Feb 2019 09:54:21 GMT" time="13.151" errors="0">
  <testcase name="verifyConnectUsingSocialMedia" time="13.151" classname="com.dreamorbit.faviana_b2cuk.customermanagement.TC02_VerifyConnectUsingSocialMedia"/>
</testsuite> <!-- com.dreamorbit.faviana_b2cuk.customermanagement.TC02_VerifyConnectUsingSocialMedia -->
