<?xml version="1.0" encoding="UTF-8"?>
<!-- Generated by org.testng.reporters.JUnitReportReporter -->
<testsuite skipped="0" hostname="dosysnet042" name="com.dreamorbit.faviana_b2cuk.customermanagement.TC03_VerifyExistingUserLogin" tests="1" failures="0" timestamp="29 Oct 2018 07:52:53 GMT" time="25.877" errors="0">
  <testcase name="verifyExistingUserLogin" time="25.877" classname="com.dreamorbit.faviana_b2cuk.customermanagement.TC03_VerifyExistingUserLogin"/>
</testsuite> <!-- com.dreamorbit.faviana_b2cuk.customermanagement.TC03_VerifyExistingUserLogin -->
