<?xml version="1.0" encoding="UTF-8"?>
<!-- Generated by org.testng.reporters.JUnitReportReporter -->
<testsuite skipped="0" hostname="dosysnet042" name="com.dreamorbit.faviana_b2cuk.endtoendflow.TC01_VerifySuccessfulOrderForGuest" tests="1" failures="0" timestamp="29 Oct 2018 07:52:53 GMT" time="95.932" errors="0">
  <testcase name="verifySuccessfulOrderForGuest" time="95.932" classname="com.dreamorbit.faviana_b2cuk.endtoendflow.TC01_VerifySuccessfulOrderForGuest"/>
</testsuite> <!-- com.dreamorbit.faviana_b2cuk.endtoendflow.TC01_VerifySuccessfulOrderForGuest -->
