<?xml version="1.0" encoding="UTF-8"?>
<!-- Generated by org.testng.reporters.JUnitReportReporter -->
<testsuite skipped="0" hostname="dosysnet042" name="com.dreamorbit.faviana_b2cuk.wishlist.TC01_VerifyWishlistForGuest" tests="1" failures="0" timestamp="29 Oct 2018 07:52:53 GMT" time="4.610" errors="0">
  <testcase name="verifyWishlistForGuest" time="4.610" classname="com.dreamorbit.faviana_b2cuk.wishlist.TC01_VerifyWishlistForGuest"/>
</testsuite> <!-- com.dreamorbit.faviana_b2cuk.wishlist.TC01_VerifyWishlistForGuest -->
