<?xml version="1.0" encoding="UTF-8"?>
<!-- Generated by org.testng.reporters.JUnitReportReporter -->
<testsuite skipped="0" hostname="Bharath-Bhat" name="com.dreamorbit.faviana_b2cuk.testcases.LoginPageTest" tests="1" failures="0" timestamp="26 Sep 2018 16:25:09 GMT" time="26.362" errors="0">
  <testcase name="loginToTheApplication" time="26.362" classname="com.dreamorbit.faviana_b2cuk.testcases.LoginPageTest"/>
</testsuite> <!-- com.dreamorbit.faviana_b2cuk.testcases.LoginPageTest -->
